TN:
SF:src/db.js
FN:5,(anonymous_6)
FN:5,_callee
FN:5,getUserByUsername
FNF:3
FNH:3
FNDA:1,(anonymous_6)
FNDA:10,_callee
FNDA:2,getUserByUsername
DA:1,1
DA:3,1
DA:5,30
DA:6,2
DA:13,2
DA:15,2
DA:17,2
DA:22,1
LF:8
LH:8
BRDA:3,0,0,1
BRDA:3,0,1,0
BRDA:5,1,0,2
BRDA:5,1,1,2
BRDA:5,1,2,2
BRDA:5,1,3,0
BRDA:5,1,4,2
BRF:7
BRH:5
end_of_record
TN:
SF:src/mocha-setup.js
FNF:0
FNH:0
DA:1,1
DA:3,1
DA:4,1
DA:6,1
LF:4
LH:4
BRF:0
BRH:0
end_of_record
TN:
SF:src/server.js
FN:5,(anonymous_7)
FN:5,_callee
FNF:2
FNH:2
FNDA:4,(anonymous_7)
FNDA:9,_callee
DA:1,1
DA:2,1
DA:3,1
DA:5,35
DA:6,3
DA:8,2
DA:9,2
DA:10,1
DA:12,1
DA:15,1
LF:10
LH:10
BRDA:5,0,0,3
BRDA:5,0,1,2
BRDA:5,0,2,1
BRDA:5,0,3,3
BRDA:5,0,4,3
BRDA:9,1,0,1
BRDA:9,1,1,1
BRF:7
BRH:7
end_of_record
TN:
SF:src/test.helpers.js
FN:3,(anonymous_6)
FN:3,_callee
FN:3,setDatabaseData
FN:16,(anonymous_10)
FN:16,_callee2
FN:16,getDatabaseData
FN:31,(anonymous_14)
FN:31,_callee3
FN:31,resetDatabase
FNF:9
FNH:9
FNDA:1,(anonymous_6)
FNDA:8,_callee
FNDA:2,setDatabaseData
FNDA:1,(anonymous_10)
FNDA:5,_callee2
FNDA:1,getDatabaseData
FNDA:1,(anonymous_14)
FNDA:8,_callee3
FNDA:2,resetDatabase
DA:1,1
DA:3,24
DA:4,2
DA:11,2
DA:13,2
DA:16,15
DA:17,1
DA:24,1
DA:25,1
DA:26,1
DA:31,24
DA:32,2
DA:39,2
DA:41,2
LF:14
LH:14
BRDA:3,0,0,2
BRDA:3,0,1,2
BRDA:3,0,2,2
BRDA:3,0,3,2
BRDA:3,0,4,2
BRDA:16,1,0,1
BRDA:16,1,1,1
BRDA:16,1,2,1
BRDA:16,1,3,0
BRDA:16,1,4,1
BRDA:31,2,0,2
BRDA:31,2,1,2
BRDA:31,2,2,2
BRDA:31,2,3,2
BRDA:31,2,4,2
BRF:15
BRH:14
end_of_record
